# JRE version: OpenJDK Runtime Environment Temurin-21.0.8+9 (21.0.8+9) (build 21.0.8+9-LTS)
# Java VM: OpenJDK 64-Bit Server VM Temurin-21.0.8+9 (21.0.8+9-LTS, mixed mode, sharing, tiered, compressed oops, compressed class ptrs, parallel gc, windows-amd64)
GC Precious Log:
 CardTable entry size: 512
 CPUs: 8 total, 8 available
 Memory: 7872M
 Large Page Support: Disabled
 NUMA Support: Disabled
 Compressed Oops: Enabled (32-bit)
 Alignments: Space 512K, Generation 512K, Heap 2M
 Heap Min Capacity: 100M
 Heap Initial Capacity: 100M
 Heap Max Capacity: 2G
 Pre-touch: Disabled
 Parallel Workers: 8
Heap:
 PSYoungGen      total 3072K, used 2778K [0x00000000d5580000, 0x00000000d5a00000, 0x0000000100000000)
  eden space 1536K, 99% used [0x00000000d5580000,0x00000000d56feaf0,0x00000000d5700000)
  from space 1536K, 81% used [0x00000000d5700000,0x00000000d5838000,0x00000000d5880000)
  to   space 1536K, 0% used [0x00000000d5880000,0x00000000d5880000,0x00000000d5a00000)
 ParOldGen       total 452608K, used 452603K [0x0000000080000000, 0x000000009ba80000, 0x00000000d5580000)
  object space 452608K, 99% used [0x0000000080000000,0x000000009b9fefe8,0x000000009ba00000)
 Metaspace       used 71850K, committed 73472K, reserved 1179648K
  class space    used 7695K, committed 8384K, reserved 1048576K
GC Heap History (20 events):
Event: 136.183 GC heap after
{Heap after GC invocations=651 (full 3):
 PSYoungGen      total 2560K, used 2048K [0x00000000d5580000, 0x00000000d6080000, 0x0000000100000000)
  eden space 512K, 0% used [0x00000000d5580000,0x00000000d5580000,0x00000000d5600000)
  from space 2048K, 100% used [0x00000000d5a80000,0x00000000d5c80000,0x00000000d5c80000)
  to   space 4608K, 0% used [0x00000000d5600000,0x00000000d5600000,0x00000000d5a80000)
 ParOldGen       total 442368K, used 442226K [0x0000000080000000, 0x000000009b000000, 0x00000000d5580000)
  object space 442368K, 99% used [0x0000000080000000,0x000000009afdcbe0,0x000000009b000000)
 Metaspace       used 71821K, committed 73472K, reserved 1179648K
  class space    used 7694K, committed 8384K, reserved 1048576K
}
Event: 136.202 GC heap before
{Heap before GC invocations=652 (full 3):
 PSYoungGen      total 2560K, used 2560K [0x00000000d5580000, 0x00000000d6080000, 0x0000000100000000)
  eden space 512K, 100% used [0x00000000d5580000,0x00000000d5600000,0x00000000d5600000)
  from space 2048K, 100% used [0x00000000d5a80000,0x00000000d5c80000,0x00000000d5c80000)
  to   space 4608K, 0% used [0x00000000d5600000,0x00000000d5600000,0x00000000d5a80000)
 ParOldGen       total 442368K, used 442226K [0x0000000080000000, 0x000000009b000000, 0x00000000d5580000)
  object space 442368K, 99% used [0x0000000080000000,0x000000009afdcbe0,0x000000009b000000)
 Metaspace       used 71821K, committed 73472K, reserved 1179648K
  class space    used 7694K, committed 8384K, reserved 1048576K
}
Event: 136.213 GC heap after
{Heap after GC invocations=652 (full 3):
 PSYoungGen      total 1536K, used 659K [0x00000000d5580000, 0x00000000d5b00000, 0x0000000100000000)
  eden space 512K, 0% used [0x00000000d5580000,0x00000000d5580000,0x00000000d5600000)
  from space 1024K, 64% used [0x00000000d5600000,0x00000000d56a4fd0,0x00000000d5700000)
  to   space 2048K, 0% used [0x00000000d5900000,0x00000000d5900000,0x00000000d5b00000)
 ParOldGen       total 444416K, used 444262K [0x0000000080000000, 0x000000009b200000, 0x00000000d5580000)
  object space 444416K, 99% used [0x0000000080000000,0x000000009b1d9af8,0x000000009b200000)
 Metaspace       used 71821K, committed 73472K, reserved 1179648K
  class space    used 7694K, committed 8384K, reserved 1048576K
}
Event: 136.233 GC heap before
{Heap before GC invocations=653 (full 3):
 PSYoungGen      total 1536K, used 1171K [0x00000000d5580000, 0x00000000d5b00000, 0x0000000100000000)
  eden space 512K, 100% used [0x00000000d5580000,0x00000000d5600000,0x00000000d5600000)
  from space 1024K, 64% used [0x00000000d5600000,0x00000000d56a4fd0,0x00000000d5700000)
  to   space 2048K, 0% used [0x00000000d5900000,0x00000000d5900000,0x00000000d5b00000)
 ParOldGen       total 444416K, used 444262K [0x0000000080000000, 0x000000009b200000, 0x00000000d5580000)
  object space 444416K, 99% used [0x0000000080000000,0x000000009b1d9af8,0x000000009b200000)
 Metaspace       used 71821K, committed 73472K, reserved 1179648K
  class space    used 7694K, committed 8384K, reserved 1048576K
}
Event: 136.239 GC heap after
{Heap after GC invocations=653 (full 3):
 PSYoungGen      total 2048K, used 640K [0x00000000d5580000, 0x00000000d5a00000, 0x0000000100000000)
  eden space 1024K, 0% used [0x00000000d5580000,0x00000000d5580000,0x00000000d5680000)
  from space 1024K, 62% used [0x00000000d5900000,0x00000000d59a0000,0x00000000d5a00000)
  to   space 1024K, 0% used [0x00000000d5800000,0x00000000d5800000,0x00000000d5900000)
 ParOldGen       total 444928K, used 444787K [0x0000000080000000, 0x000000009b280000, 0x00000000d5580000)
  object space 444928K, 99% used [0x0000000080000000,0x000000009b25cfd8,0x000000009b280000)
 Metaspace       used 71821K, committed 73472K, reserved 1179648K
  class space    used 7694K, committed 8384K, reserved 1048576K
}
Event: 136.280 GC heap before
{Heap before GC invocations=654 (full 3):
 PSYoungGen      total 2048K, used 1656K [0x00000000d5580000, 0x00000000d5a00000, 0x0000000100000000)
  eden space 1024K, 99% used [0x00000000d5580000,0x00000000d567e160,0x00000000d5680000)
  from space 1024K, 62% used [0x00000000d5900000,0x00000000d59a0000,0x00000000d5a00000)
  to   space 1024K, 0% used [0x00000000d5800000,0x00000000d5800000,0x00000000d5900000)
 ParOldGen       total 444928K, used 444787K [0x0000000080000000, 0x000000009b280000, 0x00000000d5580000)
  object space 444928K, 99% used [0x0000000080000000,0x000000009b25cfd8,0x000000009b280000)
 Metaspace       used 71821K, committed 73472K, reserved 1179648K
  class space    used 7694K, committed 8384K, reserved 1048576K
}
Event: 136.292 GC heap after
{Heap after GC invocations=654 (full 3):
 PSYoungGen      total 2560K, used 1011K [0x00000000d5580000, 0x00000000d5b00000, 0x0000000100000000)
  eden space 1536K, 0% used [0x00000000d5580000,0x00000000d5580000,0x00000000d5700000)
  from space 1024K, 98% used [0x00000000d5800000,0x00000000d58fcfd0,0x00000000d5900000)
  to   space 2048K, 0% used [0x00000000d5900000,0x00000000d5900000,0x00000000d5b00000)
 ParOldGen       total 445440K, used 445343K [0x0000000080000000, 0x000000009b300000, 0x00000000d5580000)
  object space 445440K, 99% used [0x0000000080000000,0x000000009b2e7fd0,0x000000009b300000)
 Metaspace       used 71821K, committed 73472K, reserved 1179648K
  class space    used 7694K, committed 8384K, reserved 1048576K
}
Event: 136.313 GC heap before
{Heap before GC invocations=655 (full 3):
 PSYoungGen      total 2560K, used 2542K [0x00000000d5580000, 0x00000000d5b00000, 0x0000000100000000)
  eden space 1536K, 99% used [0x00000000d5580000,0x00000000d56feb00,0x00000000d5700000)
  from space 1024K, 98% used [0x00000000d5800000,0x00000000d58fcfd0,0x00000000d5900000)
  to   space 2048K, 0% used [0x00000000d5900000,0x00000000d5900000,0x00000000d5b00000)
 ParOldGen       total 445440K, used 445343K [0x0000000080000000, 0x000000009b300000, 0x00000000d5580000)
  object space 445440K, 99% used [0x0000000080000000,0x000000009b2e7fd0,0x000000009b300000)
 Metaspace       used 71821K, committed 73472K, reserved 1179648K
  class space    used 7694K, committed 8384K, reserved 1048576K
}
Event: 136.322 GC heap after
{Heap after GC invocations=655 (full 3):
 PSYoungGen      total 3584K, used 1659K [0x00000000d5580000, 0x00000000d5b80000, 0x0000000100000000)
  eden space 1536K, 0% used [0x00000000d5580000,0x00000000d5580000,0x00000000d5700000)
  from space 2048K, 81% used [0x00000000d5900000,0x00000000d5a9ed80,0x00000000d5b00000)
  to   space 2048K, 0% used [0x00000000d5700000,0x00000000d5700000,0x00000000d5900000)
 ParOldGen       total 446464K, used 446311K [0x0000000080000000, 0x000000009b400000, 0x00000000d5580000)
  object space 446464K, 99% used [0x0000000080000000,0x000000009b3d9f50,0x000000009b400000)
 Metaspace       used 71821K, committed 73472K, reserved 1179648K
  class space    used 7694K, committed 8384K, reserved 1048576K
}
Event: 136.366 GC heap before
{Heap before GC invocations=656 (full 3):
 PSYoungGen      total 3584K, used 3195K [0x00000000d5580000, 0x00000000d5b80000, 0x0000000100000000)
  eden space 1536K, 100% used [0x00000000d5580000,0x00000000d5700000,0x00000000d5700000)
  from space 2048K, 81% used [0x00000000d5900000,0x00000000d5a9ed80,0x00000000d5b00000)
  to   space 2048K, 0% used [0x00000000d5700000,0x00000000d5700000,0x00000000d5900000)
 ParOldGen       total 446464K, used 446311K [0x0000000080000000, 0x000000009b400000, 0x00000000d5580000)
  object space 446464K, 99% used [0x0000000080000000,0x000000009b3d9f50,0x000000009b400000)
 Metaspace       used 71821K, committed 73472K, reserved 1179648K
  class space    used 7694K, committed 8384K, reserved 1048576K
}
Event: 136.373 GC heap after
{Heap after GC invocations=656 (full 3):
 PSYoungGen      total 3584K, used 1627K [0x00000000d5580000, 0x00000000d5b80000, 0x0000000100000000)
  eden space 1536K, 0% used [0x00000000d5580000,0x00000000d5580000,0x00000000d5700000)
  from space 2048K, 79% used [0x00000000d5700000,0x00000000d5896fa0,0x00000000d5900000)
  to   space 2048K, 0% used [0x00000000d5980000,0x00000000d5980000,0x00000000d5b80000)
 ParOldGen       total 448512K, used 447856K [0x0000000080000000, 0x000000009b600000, 0x00000000d5580000)
  object space 448512K, 99% used [0x0000000080000000,0x000000009b55c1e8,0x000000009b600000)
 Metaspace       used 71821K, committed 73472K, reserved 1179648K
  class space    used 7694K, committed 8384K, reserved 1048576K
}
Event: 136.503 GC heap before
{Heap before GC invocations=657 (full 3):
 PSYoungGen      total 3584K, used 3163K [0x00000000d5580000, 0x00000000d5b80000, 0x0000000100000000)
  eden space 1536K, 100% used [0x00000000d5580000,0x00000000d5700000,0x00000000d5700000)
  from space 2048K, 79% used [0x00000000d5700000,0x00000000d5896fa0,0x00000000d5900000)
  to   space 2048K, 0% used [0x00000000d5980000,0x00000000d5980000,0x00000000d5b80000)
 ParOldGen       total 448512K, used 447856K [0x0000000080000000, 0x000000009b600000, 0x00000000d5580000)
  object space 448512K, 99% used [0x0000000080000000,0x000000009b55c1e8,0x000000009b600000)
 Metaspace       used 71841K, committed 73472K, reserved 1179648K
  class space    used 7694K, committed 8384K, reserved 1048576K
}
Event: 136.513 GC heap after
{Heap after GC invocations=657 (full 3):
 PSYoungGen      total 3072K, used 1499K [0x00000000d5580000, 0x00000000d5b00000, 0x0000000100000000)
  eden space 1536K, 0% used [0x00000000d5580000,0x00000000d5580000,0x00000000d5700000)
  from space 1536K, 97% used [0x00000000d5980000,0x00000000d5af6f48,0x00000000d5b00000)
  to   space 2048K, 0% used [0x00000000d5700000,0x00000000d5700000,0x00000000d5900000)
 ParOldGen       total 449536K, used 449389K [0x0000000080000000, 0x000000009b700000, 0x00000000d5580000)
  object space 449536K, 99% used [0x0000000080000000,0x000000009b6db638,0x000000009b700000)
 Metaspace       used 71841K, committed 73472K, reserved 1179648K
  class space    used 7694K, committed 8384K, reserved 1048576K
}
Event: 136.570 GC heap before
{Heap before GC invocations=658 (full 3):
 PSYoungGen      total 3072K, used 3035K [0x00000000d5580000, 0x00000000d5b00000, 0x0000000100000000)
  eden space 1536K, 100% used [0x00000000d5580000,0x00000000d5700000,0x00000000d5700000)
  from space 1536K, 97% used [0x00000000d5980000,0x00000000d5af6f48,0x00000000d5b00000)
  to   space 2048K, 0% used [0x00000000d5700000,0x00000000d5700000,0x00000000d5900000)
 ParOldGen       total 449536K, used 449389K [0x0000000080000000, 0x000000009b700000, 0x00000000d5580000)
  object space 449536K, 99% used [0x0000000080000000,0x000000009b6db638,0x000000009b700000)
 Metaspace       used 71841K, committed 73472K, reserved 1179648K
  class space    used 7694K, committed 8384K, reserved 1048576K
}
Event: 136.580 GC heap after
{Heap after GC invocations=658 (full 3):
 PSYoungGen      total 2560K, used 1024K [0x00000000d5580000, 0x00000000d5a00000, 0x0000000100000000)
  eden space 1536K, 0% used [0x00000000d5580000,0x00000000d5580000,0x00000000d5700000)
  from space 1024K, 100% used [0x00000000d5700000,0x00000000d5800000,0x00000000d5800000)
  to   space 1536K, 0% used [0x00000000d5880000,0x00000000d5880000,0x00000000d5a00000)
 ParOldGen       total 451072K, used 450747K [0x0000000080000000, 0x000000009b880000, 0x00000000d5580000)
  object space 451072K, 99% used [0x0000000080000000,0x000000009b82efe8,0x000000009b880000)
 Metaspace       used 71841K, committed 73472K, reserved 1179648K
  class space    used 7694K, committed 8384K, reserved 1048576K
}
Event: 136.639 GC heap before
{Heap before GC invocations=659 (full 3):
 PSYoungGen      total 2560K, used 2560K [0x00000000d5580000, 0x00000000d5a00000, 0x0000000100000000)
  eden space 1536K, 100% used [0x00000000d5580000,0x00000000d5700000,0x00000000d5700000)
  from space 1024K, 100% used [0x00000000d5700000,0x00000000d5800000,0x00000000d5800000)
  to   space 1536K, 0% used [0x00000000d5880000,0x00000000d5880000,0x00000000d5a00000)
 ParOldGen       total 451072K, used 450747K [0x0000000080000000, 0x000000009b880000, 0x00000000d5580000)
  object space 451072K, 99% used [0x0000000080000000,0x000000009b82efe8,0x000000009b880000)
 Metaspace       used 71841K, committed 73472K, reserved 1179648K
  class space    used 7694K, committed 8384K, reserved 1048576K
}
Event: 136.645 GC heap after
{Heap after GC invocations=659 (full 3):
 PSYoungGen      total 3072K, used 992K [0x00000000d5580000, 0x00000000d5a00000, 0x0000000100000000)
  eden space 1536K, 0% used [0x00000000d5580000,0x00000000d5580000,0x00000000d5700000)
  from space 1536K, 64% used [0x00000000d5880000,0x00000000d5978000,0x00000000d5a00000)
  to   space 1536K, 0% used [0x00000000d5700000,0x00000000d5700000,0x00000000d5880000)
 ParOldGen       total 452096K, used 451699K [0x0000000080000000, 0x000000009b980000, 0x00000000d5580000)
  object space 452096K, 99% used [0x0000000080000000,0x000000009b91cfe8,0x000000009b980000)
 Metaspace       used 71841K, committed 73472K, reserved 1179648K
  class space    used 7694K, committed 8384K, reserved 1048576K
}
Event: 136.863 GC heap before
{Heap before GC invocations=660 (full 3):
 PSYoungGen      total 3072K, used 2528K [0x00000000d5580000, 0x00000000d5a00000, 0x0000000100000000)
  eden space 1536K, 100% used [0x00000000d5580000,0x00000000d5700000,0x00000000d5700000)
  from space 1536K, 64% used [0x00000000d5880000,0x00000000d5978000,0x00000000d5a00000)
  to   space 1536K, 0% used [0x00000000d5700000,0x00000000d5700000,0x00000000d5880000)
 ParOldGen       total 452096K, used 451699K [0x0000000080000000, 0x000000009b980000, 0x00000000d5580000)
  object space 452096K, 99% used [0x0000000080000000,0x000000009b91cfe8,0x000000009b980000)
 Metaspace       used 71841K, committed 73472K, reserved 1179648K
  class space    used 7694K, committed 8384K, reserved 1048576K
}
Event: 136.870 GC heap after
{Heap after GC invocations=660 (full 3):
 PSYoungGen      total 3072K, used 1248K [0x00000000d5580000, 0x00000000d5a00000, 0x0000000100000000)
  eden space 1536K, 0% used [0x00000000d5580000,0x00000000d5580000,0x00000000d5700000)
  from space 1536K, 81% used [0x00000000d5700000,0x00000000d5838000,0x00000000d5880000)
  to   space 1536K, 0% used [0x00000000d5880000,0x00000000d5880000,0x00000000d5a00000)
 ParOldGen       total 452608K, used 452603K [0x0000000080000000, 0x000000009ba00000, 0x00000000d5580000)
  object space 452608K, 99% used [0x0000000080000000,0x000000009b9fefe8,0x000000009ba00000)
 Metaspace       used 71841K, committed 73472K, reserved 1179648K
  class space    used 7694K, committed 8384K, reserved 1048576K
}
Event: 137.515 GC heap before
{Heap before GC invocations=661 (full 3):
 PSYoungGen      total 3072K, used 2778K [0x00000000d5580000, 0x00000000d5a00000, 0x0000000100000000)
  eden space 1536K, 99% used [0x00000000d5580000,0x00000000d56feaf0,0x00000000d5700000)
  from space 1536K, 81% used [0x00000000d5700000,0x00000000d5838000,0x00000000d5880000)
  to   space 1536K, 0% used [0x00000000d5880000,0x00000000d5880000,0x00000000d5a00000)
 ParOldGen       total 452608K, used 452603K [0x0000000080000000, 0x000000009ba00000, 0x00000000d5580000)
  object space 452608K, 99% used [0x0000000080000000,0x000000009b9fefe8,0x000000009ba00000)
 Metaspace       used 71850K, committed 73472K, reserved 1179648K
  class space    used 7695K, committed 8384K, reserved 1048576K
}

